Command line:
   generador_tb_isim_beh.exe
     -simmode  gui
     -simrunnum  0
     -socket  3207

Mon Mar 09 21:40:10 2015


 Elaboration Time: 0.0312 sec

 Current Memory Usage: 506.057 Meg

 Total Signals          : 7
 Total Nets             : 5
 Total Signal Drivers   : 4
 Total Blocks           : 3
 Total Primitive Blocks : 2
 Total Processes        : 4
 Total Traceable Variables  : 9
 Total Scalar Nets and Variables : 366
Total Line Count : 25

 Total Simulation Time: 0.1092 sec

 Current Memory Usage: 506.057 Meg

Mon Mar 09 21:49:56 2015

