--------------------------------------------------------------------------------
Release 14.5 Trace  (nt64)
Copyright (c) 1995-2012 Xilinx, Inc.  All rights reserved.

C:\Xilinx\14.5\ISE_DS\ISE\bin\nt64\unwrapped\trce.exe -intstyle ise -v 3 -s 5
-n 3 -fastpaths -xml tx_uart_mod.twx tx_uart_mod.ncd -o tx_uart_mod.twr
tx_uart_mod.pcf

Design file:              tx_uart_mod.ncd
Physical constraint file: tx_uart_mod.pcf
Device,package,speed:     xc3s500e,fg320,-5 (PRODUCTION 1.27 2013-03-26)
Report level:             verbose report

Environment Variable      Effect 
--------------------      ------ 
NONE                      No environment variables were set
--------------------------------------------------------------------------------

INFO:Timing:2698 - No timing constraints found, doing default enumeration.
INFO:Timing:3412 - To improve timing, see the Timing Closure User Guide (UG612).
INFO:Timing:2752 - To get complete path coverage, use the unconstrained paths 
   option. All paths that are not constrained will be reported in the 
   unconstrained paths section(s) of the report.
INFO:Timing:3339 - The clock-to-out numbers in this timing report are based on 
   a 50 Ohm transmission line loading model.  For the details of this model, 
   and for more information on accounting for different loading conditions, 
   please see the device datasheet.
INFO:Timing:3390 - This architecture does not support a default System Jitter 
   value, please add SYSTEM_JITTER constraint to the UCF to modify the Clock 
   Uncertainty calculation.
INFO:Timing:3389 - This architecture does not support 'Discrete Jitter' and 
   'Phase Error' calculations, these terms will be zero in the Clock 
   Uncertainty calculation.  Please make appropriate modification to 
   SYSTEM_JITTER to account for the unsupported Discrete Jitter and Phase 
   Error.



Data Sheet report:
-----------------
All values displayed in nanoseconds (ns)

Setup/Hold to clock clk
------------+------------+------------+------------------+--------+
            |Max Setup to|Max Hold to |                  | Clock  |
Source      | clk (edge) | clk (edge) |Internal Clock(s) | Phase  |
------------+------------+------------+------------------+--------+
data_in<0>  |    2.502(R)|   -0.194(R)|clk_BUFGP         |   0.000|
data_in<1>  |    2.624(R)|   -0.210(R)|clk_BUFGP         |   0.000|
data_in<2>  |    2.288(R)|   -0.071(R)|clk_BUFGP         |   0.000|
data_in<3>  |    2.858(R)|    0.026(R)|clk_BUFGP         |   0.000|
data_in<4>  |    3.450(R)|   -0.250(R)|clk_BUFGP         |   0.000|
data_in<5>  |    2.977(R)|    0.293(R)|clk_BUFGP         |   0.000|
data_in<6>  |    2.922(R)|    0.119(R)|clk_BUFGP         |   0.000|
data_in<7>  |    3.253(R)|    0.199(R)|clk_BUFGP         |   0.000|
en          |    0.464(R)|    0.760(R)|clk_BUFGP         |   0.000|
------------+------------+------------+------------------+--------+

Clock clk to Pad
------------+------------+------------------+--------+
            | clk (edge) |                  | Clock  |
Destination |   to PAD   |Internal Clock(s) | Phase  |
------------+------------+------------------+--------+
ack         |    6.773(R)|clk_BUFGP         |   0.000|
data_out    |    6.731(R)|clk_BUFGP         |   0.000|
------------+------------+------------------+--------+

Clock to Setup on destination clock clk
---------------+---------+---------+---------+---------+
               | Src:Rise| Src:Fall| Src:Rise| Src:Fall|
Source Clock   |Dest:Rise|Dest:Rise|Dest:Fall|Dest:Fall|
---------------+---------+---------+---------+---------+
clk            |    2.873|         |         |         |
---------------+---------+---------+---------+---------+


Analysis completed Tue Dec 09 22:49:00 2014 
--------------------------------------------------------------------------------

Trace Settings:
-------------------------
Trace Settings 

Peak Memory Usage: 162 MB



