Release 14.5 - xst P.58f (nt64)
Copyright (c) 1995-2012 Xilinx, Inc.  All rights reserved.
--> Parameter TMPDIR set to xst/projnav.tmp


Total REAL time to Xst completion: 1.00 secs
Total CPU time to Xst completion: 0.13 secs
 
--> Parameter xsthdpdir set to xst


Total REAL time to Xst completion: 1.00 secs
Total CPU time to Xst completion: 0.13 secs
 
--> Reading design: memoria_mod.prj

TABLE OF CONTENTS
  1) Synthesis Options Summary
  2) HDL Compilation
  3) Design Hierarchy Analysis
  4) HDL Analysis
  5) HDL Synthesis
     5.1) HDL Synthesis Report
  6) Advanced HDL Synthesis
     6.1) Advanced HDL Synthesis Report
  7) Low Level Synthesis
  8) Partition Report
  9) Final Report
	9.1) Device utilization summary
	9.2) Partition Resource Summary
	9.3) TIMING REPORT


=========================================================================
*                      Synthesis Options Summary                        *
=========================================================================
---- Source Parameters
Input File Name                    : "memoria_mod.prj"
Input Format                       : mixed
Ignore Synthesis Constraint File   : NO

---- Target Parameters
Output File Name                   : "memoria_mod"
Output Format                      : NGC
Target Device                      : xc3s500e-5-fg320

---- Source Options
Top Module Name                    : memoria_mod
Automatic FSM Extraction           : YES
FSM Encoding Algorithm             : Auto
Safe Implementation                : No
FSM Style                          : LUT
RAM Extraction                     : Yes
RAM Style                          : Auto
ROM Extraction                     : Yes
Mux Style                          : Auto
Decoder Extraction                 : YES
Priority Encoder Extraction        : Yes
Shift Register Extraction          : YES
Logical Shifter Extraction         : YES
XOR Collapsing                     : YES
ROM Style                          : Auto
Mux Extraction                     : Yes
Resource Sharing                   : YES
Asynchronous To Synchronous        : NO
Multiplier Style                   : Auto
Automatic Register Balancing       : No

---- Target Options
Add IO Buffers                     : YES
Global Maximum Fanout              : 100000
Add Generic Clock Buffer(BUFG)     : 24
Register Duplication               : YES
Slice Packing                      : YES
Optimize Instantiated Primitives   : NO
Use Clock Enable                   : Yes
Use Synchronous Set                : Yes
Use Synchronous Reset              : Yes
Pack IO Registers into IOBs        : Auto
Equivalent register Removal        : YES

---- General Options
Optimization Goal                  : Speed
Optimization Effort                : 1
Keep Hierarchy                     : No
Netlist Hierarchy                  : As_Optimized
RTL Output                         : Yes
Global Optimization                : AllClockNets
Read Cores                         : YES
Write Timing Constraints           : NO
Cross Clock Analysis               : NO
Hierarchy Separator                : /
Bus Delimiter                      : <>
Case Specifier                     : Maintain
Slice Utilization Ratio            : 100
BRAM Utilization Ratio             : 100
Verilog 2001                       : YES
Auto BRAM Packing                  : NO
Slice Utilization Ratio Delta      : 5

=========================================================================


=========================================================================
*                          HDL Compilation                              *
=========================================================================
Compiling vhdl file "C:/Users/Rodrigo/Documents/Curso_ICTP/Lab5_Memoria/memoria_mod.vhd" in Library work.
Entity <memoria_mod> compiled.
Entity <memoria_mod> (Architecture <behavioral>) compiled.

=========================================================================
*                     Design Hierarchy Analysis                         *
=========================================================================
Analyzing hierarchy for entity <memoria_mod> in library <work> (architecture <behavioral>) with generics.
	addr_length = 8


=========================================================================
*                            HDL Analysis                               *
=========================================================================
Analyzing generic Entity <memoria_mod> in library <work> (Architecture <behavioral>).
	addr_length = 8
Entity <memoria_mod> analyzed. Unit <memoria_mod> generated.


=========================================================================
*                           HDL Synthesis                               *
=========================================================================

Performing bidirectional port resolution...

Synthesizing Unit <memoria_mod>.
    Related source file is "C:/Users/Rodrigo/Documents/Curso_ICTP/Lab5_Memoria/memoria_mod.vhd".
    Found 256x8-bit ROM for signal <data_out$rom0000> created at line 68.
    Found 8-bit register for signal <data_out>.
    Summary:
	inferred   1 ROM(s).
	inferred   8 D-type flip-flop(s).
Unit <memoria_mod> synthesized.


=========================================================================
HDL Synthesis Report

Macro Statistics
# ROMs                                                 : 1
 256x8-bit ROM                                         : 1
# Registers                                            : 1
 8-bit register                                        : 1

=========================================================================

=========================================================================
*                       Advanced HDL Synthesis                          *
=========================================================================


Synthesizing (advanced) Unit <memoria_mod>.
INFO:Xst:3044 - The ROM <Mrom_data_out_rom0000> will be implemented as a read-only BLOCK RAM, absorbing the register: <data_out>.
INFO:Xst:3225 - The RAM <Mrom_data_out_rom0000> will be implemented as BLOCK RAM
    -----------------------------------------------------------------------
    | ram_type           | Block                               |          |
    -----------------------------------------------------------------------
    | Port A                                                              |
    |     aspect ratio   | 256-word x 8-bit                    |          |
    |     mode           | write-first                         |          |
    |     clkA           | connected to signal <clk>           | rise     |
    |     weA            | connected to signal <GND>           | high     |
    |     addrA          | connected to signal <address>       |          |
    |     diA            | connected to signal <GND>           |          |
    |     doA            | connected to signal <data_out>      |          |
    -----------------------------------------------------------------------
    | optimization       | speed                               |          |
    -----------------------------------------------------------------------
Unit <memoria_mod> synthesized (advanced).

=========================================================================
Advanced HDL Synthesis Report

Macro Statistics
# RAMs                                                 : 1
 256x8-bit single-port block RAM                       : 1

=========================================================================

=========================================================================
*                         Low Level Synthesis                           *
=========================================================================

Optimizing unit <memoria_mod> ...

Mapping all equations...
Building and optimizing final netlist ...
Found area constraint ratio of 100 (+ 5) on block memoria_mod, actual ratio is 0.

Final Macro Processing ...

=========================================================================
Final Register Report

Found no macro
=========================================================================

=========================================================================
*                           Partition Report                            *
=========================================================================

Partition Implementation Status
-------------------------------

  No Partitions were found in this design.

-------------------------------

=========================================================================
*                            Final Report                               *
=========================================================================
Final Results
RTL Top Level Output File Name     : memoria_mod.ngr
Top Level Output File Name         : memoria_mod
Output Format                      : NGC
Optimization Goal                  : Speed
Keep Hierarchy                     : No

Design Statistics
# IOs                              : 17

Cell Usage :
# BELS                             : 2
#      GND                         : 1
#      VCC                         : 1
# RAMS                             : 1
#      RAMB16_S9                   : 1
# Clock Buffers                    : 1
#      BUFGP                       : 1
# IO Buffers                       : 16
#      IBUF                        : 8
#      OBUF                        : 8
=========================================================================

Device utilization summary:
---------------------------

Selected Device : 3s500efg320-5 

 Number of Slices:                        0  out of   4656     0%  
 Number of IOs:                          17
 Number of bonded IOBs:                  17  out of    232     7%  
 Number of BRAMs:                         1  out of     20     5%  
 Number of GCLKs:                         1  out of     24     4%  

---------------------------
Partition Resource Summary:
---------------------------

  No Partitions were found in this design.

---------------------------


=========================================================================
TIMING REPORT

NOTE: THESE TIMING NUMBERS ARE ONLY A SYNTHESIS ESTIMATE.
      FOR ACCURATE TIMING INFORMATION PLEASE REFER TO THE TRACE REPORT
      GENERATED AFTER PLACE-and-ROUTE.

Clock Information:
------------------
-----------------------------------+------------------------+-------+
Clock Signal                       | Clock buffer(FF name)  | Load  |
-----------------------------------+------------------------+-------+
clk                                | BUFGP                  | 1     |
-----------------------------------+------------------------+-------+

Asynchronous Control Signals Information:
----------------------------------------
No asynchronous control signals found in this design

Timing Summary:
---------------
Speed Grade: -5

   Minimum period: No path found
   Minimum input arrival time before clock: 1.791ns
   Maximum output required time after clock: 5.962ns
   Maximum combinational path delay: No path found

Timing Detail:
--------------
All values displayed in nanoseconds (ns)

=========================================================================
Timing constraint: Default OFFSET IN BEFORE for Clock 'clk'
  Total number of paths / destination ports: 8 / 8
-------------------------------------------------------------------------
Offset:              1.791ns (Levels of Logic = 1)
  Source:            address<7> (PAD)
  Destination:       Mrom_data_out_rom0000 (RAM)
  Destination Clock: clk rising

  Data Path: address<7> to Mrom_data_out_rom0000
                                Gate     Net
    Cell:in->out      fanout   Delay   Delay  Logical Name (Net Name)
    ----------------------------------------  ------------
     IBUF:I->O             1   1.106   0.357  address_7_IBUF (address_7_IBUF)
     RAMB16_S9:ADDR7           0.328          Mrom_data_out_rom0000
    ----------------------------------------
    Total                      1.791ns (1.434ns logic, 0.357ns route)
                                       (80.1% logic, 19.9% route)

=========================================================================
Timing constraint: Default OFFSET OUT AFTER for Clock 'clk'
  Total number of paths / destination ports: 8 / 8
-------------------------------------------------------------------------
Offset:              5.962ns (Levels of Logic = 1)
  Source:            Mrom_data_out_rom0000 (RAM)
  Destination:       data_out<7> (PAD)
  Source Clock:      clk rising

  Data Path: Mrom_data_out_rom0000 to data_out<7>
                                Gate     Net
    Cell:in->out      fanout   Delay   Delay  Logical Name (Net Name)
    ----------------------------------------  ------------
     RAMB16_S9:CLK->DO7    1   2.436   0.357  Mrom_data_out_rom0000 (data_out_7_OBUF)
     OBUF:I->O                 3.169          data_out_7_OBUF (data_out<7>)
    ----------------------------------------
    Total                      5.962ns (5.605ns logic, 0.357ns route)
                                       (94.0% logic, 6.0% route)

=========================================================================


Total REAL time to Xst completion: 6.00 secs
Total CPU time to Xst completion: 5.74 secs
 
--> 

Total memory usage is 270776 kilobytes

Number of errors   :    0 (   0 filtered)
Number of warnings :    0 (   0 filtered)
Number of infos    :    2 (   0 filtered)

